2024-09-27 18:54:22 info: Starting test: LoginPage
2024-09-27 18:54:22 debug: Initializing login page for test setup.
2024-09-27 18:54:22 info: Navigating to RM-512 login page
2024-09-27 18:54:22 info: Performing login
2024-09-27 18:54:22 info: Filling in username: udit.kandari@bbc.com
2024-09-27 18:54:22 info: Filling input field "//input[@id='email-address']" with value "udit.kandari@bbc.com".
2024-09-27 18:54:25 info: Filled input field "//input[@id='email-address']" successfully.
2024-09-27 18:54:25 info: Filling in password
2024-09-27 18:54:25 info: Filling input field "//input[@id='password']" with value "Tmittmif#@5248360".
2024-09-27 18:54:25 info: Filled input field "//input[@id='password']" successfully.
2024-09-27 18:54:25 info: Agreeing to terms of service
2024-09-27 18:54:25 info: Checkbox "//input[@id='agree']" checked successfully.
2024-09-27 18:54:25 info: Submitting login form
2024-09-27 18:54:25 info: Attempting to click on element "//input[@id='submit-button']".
2024-09-27 18:54:25 info: Waiting for element "//input[@id='submit-button']" to be visible with timeout 10000ms.
2024-09-27 18:54:25 info: Element "//input[@id='submit-button']" is visible.
2024-09-27 18:54:25 info: Clicked on element "//input[@id='submit-button']" successfully.
2024-09-27 18:54:25 info: Validating login
2024-09-27 18:54:28 info: udit kandari logged in successfully
2024-09-27 18:54:28 info: Login performed successfully
2024-09-27 18:54:28 debug: Login successful and test setup completed.
2024-09-27 18:54:28 info: Navigating to contract page
2024-09-27 18:54:28 info: Waiting for dashboard visibility
2024-09-27 18:54:28 info: Waiting for element "//div[@id="GridstackDashboard"]" to be visible with timeout 10000ms.
2024-09-27 18:54:29 info: Element "//div[@id="GridstackDashboard"]" is visible.
2024-09-27 18:54:29 info: Navigated to contract page
2024-09-27 18:54:29 info: Searching for contract with number: md00085
2024-09-27 18:54:29 info: Filling contract number: md00085
2024-09-27 18:54:29 info: Filling input field "//input[@name='SearchExpr']" with value "md00085".
2024-09-27 18:54:30 info: Filled input field "//input[@name='SearchExpr']" successfully.
2024-09-27 18:54:30 info: Clicking 'Search' button
2024-09-27 18:54:30 info: Attempting to click on element "//a[@class="btn btn-default SearchboxBtn"]".
2024-09-27 18:54:30 info: Waiting for element "//a[@class="btn btn-default SearchboxBtn"]" to be visible with timeout 10000ms.
2024-09-27 18:54:30 info: Element "//a[@class="btn btn-default SearchboxBtn"]" is visible.
2024-09-27 18:54:30 info: Clicked on element "//a[@class="btn btn-default SearchboxBtn"]" successfully.
2024-09-27 18:54:32 info: Selecting contract with number: md00085
2024-09-27 18:54:32 info: Found contract number: MD00085, clicking on it
2024-09-27 18:54:35 info: Contract with number: md00085 selected
2024-09-27 18:54:35 info: Editing in contract wizard for contract: md00085
2024-09-27 18:54:35 info: Validating contract terms page loaded for contract number: md00085
2024-09-27 18:54:35 info: Waiting for element "//h1[starts-with(text(), "Contract No.")]" to be visible with timeout 10000ms.
2024-09-27 18:54:35 info: Element "//h1[starts-with(text(), "Contract No.")]" is visible.
2024-09-27 18:54:35 info: Contract Terms page heading text: Contract No. MD00085
2024-09-27 18:54:35 info: Contract terms page loaded: true
2024-09-27 18:54:35 info: Attempting to click on Select Action.
2024-09-27 18:54:35 info: Waiting for element "//button[contains(text(), 'Select Action')]" to be visible with timeout 10000ms.
2024-09-27 18:54:35 info: Element "//button[contains(text(), 'Select Action')]" is visible.
2024-09-27 18:54:35 info: Clicked on Select Action successfully.
2024-09-27 18:54:35 info: Attempting to click on Edit Contract.
2024-09-27 18:54:35 info: Waiting for element "//a[contains(text(),"Edit in Contract Wizard")]" to be visible with timeout 10000ms.
2024-09-27 18:54:35 info: Element "//a[contains(text(),"Edit in Contract Wizard")]" is visible.
2024-09-27 18:54:38 info: Clicked on Edit Contract successfully.
2024-09-27 18:54:38 info: Clicked on 'Edit in Contract Wizard'
2024-09-27 18:54:38 info: Finished test
2024-09-27 18:54:38 debug: Tearing down test context and cleaning up.
2024-09-27 18:56:10 info: Starting test: LoginPage
2024-09-27 18:56:10 debug: Initializing login page for test setup.
2024-09-27 18:56:10 info: Navigating to RM-512 login page
2024-09-27 18:56:10 info: Performing login
2024-09-27 18:56:10 info: Filling in username: udit.kandari@bbc.com
2024-09-27 18:56:10 info: Filling input field "//input[@id='email-address']" with value "udit.kandari@bbc.com".
2024-09-27 18:56:11 info: Starting test: LoginPage
2024-09-27 18:56:11 debug: Initializing login page for test setup.
2024-09-27 18:56:11 info: Navigating to RM-512 login page
2024-09-27 18:56:11 info: Performing login
2024-09-27 18:56:11 info: Filling in username: udit.kandari@bbc.com
2024-09-27 18:56:11 info: Filling input field "//input[@id='email-address']" with value "udit.kandari@bbc.com".
2024-09-27 18:56:14 info: Filled input field "//input[@id='email-address']" successfully.
2024-09-27 18:56:14 info: Filling in password
2024-09-27 18:56:14 info: Filling input field "//input[@id='password']" with value "Tmittmif#@5248360".
2024-09-27 18:56:14 info: Filled input field "//input[@id='password']" successfully.
2024-09-27 18:56:14 info: Agreeing to terms of service
2024-09-27 18:56:14 info: Checkbox "//input[@id='agree']" checked successfully.
2024-09-27 18:56:14 info: Submitting login form
2024-09-27 18:56:14 info: Attempting to click on element "//input[@id='submit-button']".
2024-09-27 18:56:14 info: Waiting for element "//input[@id='submit-button']" to be visible with timeout 10000ms.
2024-09-27 18:56:14 info: Element "//input[@id='submit-button']" is visible.
2024-09-27 18:56:14 info: Clicked on element "//input[@id='submit-button']" successfully.
2024-09-27 18:56:14 info: Validating login
2024-09-27 18:56:15 info: Filled input field "//input[@id='email-address']" successfully.
2024-09-27 18:56:15 info: Filling in password
2024-09-27 18:56:15 info: Filling input field "//input[@id='password']" with value "Tmittmif#@5248360".
2024-09-27 18:56:15 info: Filled input field "//input[@id='password']" successfully.
2024-09-27 18:56:15 info: Agreeing to terms of service
2024-09-27 18:56:15 info: Checkbox "//input[@id='agree']" checked successfully.
2024-09-27 18:56:15 info: Submitting login form
2024-09-27 18:56:15 info: Attempting to click on element "//input[@id='submit-button']".
2024-09-27 18:56:15 info: Waiting for element "//input[@id='submit-button']" to be visible with timeout 10000ms.
2024-09-27 18:56:15 info: Element "//input[@id='submit-button']" is visible.
2024-09-27 18:56:15 info: Clicked on element "//input[@id='submit-button']" successfully.
2024-09-27 18:56:15 info: Validating login
2024-09-27 18:56:17 info: udit kandari logged in successfully
2024-09-27 18:56:17 info: Login performed successfully
2024-09-27 18:56:17 debug: Login successful and test setup completed.
2024-09-27 18:56:17 info: Verifying dashboard page title
2024-09-27 18:56:17 info: Waiting for dashboard visibility
2024-09-27 18:56:17 info: Waiting for element "//div[@id="GridstackDashboard"]" to be visible with timeout 10000ms.
2024-09-27 18:56:17 info: udit kandari logged in successfully
2024-09-27 18:56:17 info: Login performed successfully
2024-09-27 18:56:17 debug: Login successful and test setup completed.
2024-09-27 18:56:17 info: Navigating to contract page
2024-09-27 18:56:17 info: Waiting for dashboard visibility
2024-09-27 18:56:17 info: Waiting for element "//div[@id="GridstackDashboard"]" to be visible with timeout 10000ms.
2024-09-27 18:56:18 info: Element "//div[@id="GridstackDashboard"]" is visible.
2024-09-27 18:56:19 info: Element "//div[@id="GridstackDashboard"]" is visible.
2024-09-27 18:56:19 info: Page title: Dashboard | MediaBox Royalty Management
2024-09-27 18:56:19 info: Finished test
2024-09-27 18:56:19 debug: Tearing down test context and cleaning up.
2024-09-27 18:56:20 info: Navigated to contract page
2024-09-27 18:56:20 info: Searching for contract with number: md00085
2024-09-27 18:56:20 info: Filling contract number: md00085
2024-09-27 18:56:20 info: Filling input field "//input[@name='SearchExpr']" with value "md00085".
2024-09-27 18:56:20 info: Starting test: LoginPage
2024-09-27 18:56:20 debug: Initializing login page for test setup.
2024-09-27 18:56:20 info: Navigating to RM-512 login page
2024-09-27 18:56:20 info: Performing login
2024-09-27 18:56:20 info: Filling in username: udit.kandari@bbc.com
2024-09-27 18:56:20 info: Filling input field "//input[@id='email-address']" with value "udit.kandari@bbc.com".
2024-09-27 18:56:21 info: Filled input field "//input[@name='SearchExpr']" successfully.
2024-09-27 18:56:21 info: Clicking 'Search' button
2024-09-27 18:56:21 info: Attempting to click on element "//a[@class="btn btn-default SearchboxBtn"]".
2024-09-27 18:56:21 info: Waiting for element "//a[@class="btn btn-default SearchboxBtn"]" to be visible with timeout 10000ms.
2024-09-27 18:56:21 info: Element "//a[@class="btn btn-default SearchboxBtn"]" is visible.
2024-09-27 18:56:21 info: Clicked on element "//a[@class="btn btn-default SearchboxBtn"]" successfully.
2024-09-27 18:56:23 info: Selecting contract with number: md00085
2024-09-27 18:56:23 info: Found contract number: MD00085, clicking on it
2024-09-27 18:56:24 info: Filled input field "//input[@id='email-address']" successfully.
2024-09-27 18:56:24 info: Filling in password
2024-09-27 18:56:24 info: Filling input field "//input[@id='password']" with value "Tmittmif#@5248360".
2024-09-27 18:56:24 info: Filled input field "//input[@id='password']" successfully.
2024-09-27 18:56:24 info: Agreeing to terms of service
2024-09-27 18:56:24 info: Checkbox "//input[@id='agree']" checked successfully.
2024-09-27 18:56:24 info: Submitting login form
2024-09-27 18:56:24 info: Attempting to click on element "//input[@id='submit-button']".
2024-09-27 18:56:24 info: Waiting for element "//input[@id='submit-button']" to be visible with timeout 10000ms.
2024-09-27 18:56:24 info: Element "//input[@id='submit-button']" is visible.
2024-09-27 18:56:24 info: Clicked on element "//input[@id='submit-button']" successfully.
2024-09-27 18:56:24 info: Validating login
2024-09-27 18:56:24 info: Contract with number: md00085 selected
2024-09-27 18:56:24 info: Editing in contract wizard for contract: md00085
2024-09-27 18:56:24 info: Validating contract terms page loaded for contract number: md00085
2024-09-27 18:56:24 info: Waiting for element "//h1[starts-with(text(), "Contract No.")]" to be visible with timeout 10000ms.
2024-09-27 18:56:24 info: Element "//h1[starts-with(text(), "Contract No.")]" is visible.
2024-09-27 18:56:24 info: Contract Terms page heading text: Contract No. MD00085
2024-09-27 18:56:24 info: Contract terms page loaded: true
2024-09-27 18:56:24 info: Attempting to click on Select Action.
2024-09-27 18:56:24 info: Waiting for element "//button[contains(text(), 'Select Action')]" to be visible with timeout 10000ms.
2024-09-27 18:56:24 info: Element "//button[contains(text(), 'Select Action')]" is visible.
2024-09-27 18:56:25 info: Clicked on Select Action successfully.
2024-09-27 18:56:25 info: Attempting to click on Edit Contract.
2024-09-27 18:56:25 info: Waiting for element "//a[contains(text(),"Edit in Contract Wizard")]" to be visible with timeout 10000ms.
2024-09-27 18:56:25 info: Element "//a[contains(text(),"Edit in Contract Wizard")]" is visible.
2024-09-27 18:56:26 info: Clicked on Edit Contract successfully.
2024-09-27 18:56:26 info: Clicked on 'Edit in Contract Wizard'
2024-09-27 18:56:26 info: Finished test
2024-09-27 18:56:26 debug: Tearing down test context and cleaning up.
2024-09-27 18:56:26 info: udit kandari logged in successfully
2024-09-27 18:56:26 info: Login performed successfully
2024-09-27 18:56:26 debug: Login successful and test setup completed.
2024-09-27 18:56:26 info: Changing language to English (UK)
2024-09-27 18:56:26 info: Waiting for dashboard visibility
2024-09-27 18:56:26 info: Waiting for element "//div[@id="GridstackDashboard"]" to be visible with timeout 10000ms.
2024-09-27 18:56:28 info: Element "//div[@id="GridstackDashboard"]" is visible.
2024-09-27 18:56:30 info: Language changed to English (UK)
2024-09-27 18:56:30 info: Finished test
2024-09-27 18:56:30 debug: Tearing down test context and cleaning up.
2024-09-27 18:58:11 info: Starting test: LoginPage
2024-09-27 18:58:11 debug: Initializing login page for test setup.
2024-09-27 18:58:11 info: Navigating to RM-512 login page
2024-09-27 18:58:11 info: Performing login
2024-09-27 18:58:11 info: Filling in username: udit.kandari@bbc.com
2024-09-27 18:58:11 info: Filling input field "//input[@id='email-address']" with value "udit.kandari@bbc.com".
2024-09-27 18:58:12 info: Starting test: LoginPage
2024-09-27 18:58:12 debug: Initializing login page for test setup.
2024-09-27 18:58:12 info: Navigating to RM-512 login page
2024-09-27 18:58:12 info: Performing login
2024-09-27 18:58:12 info: Filling in username: udit.kandari@bbc.com
2024-09-27 18:58:12 info: Filling input field "//input[@id='email-address']" with value "udit.kandari@bbc.com".
2024-09-27 18:58:15 info: Filled input field "//input[@id='email-address']" successfully.
2024-09-27 18:58:15 info: Filling in password
2024-09-27 18:58:15 info: Filling input field "//input[@id='password']" with value "Tmittmif#@5248360".
2024-09-27 18:58:15 info: Filled input field "//input[@id='password']" successfully.
2024-09-27 18:58:15 info: Agreeing to terms of service
2024-09-27 18:58:15 info: Checkbox "//input[@id='agree']" checked successfully.
2024-09-27 18:58:15 info: Submitting login form
2024-09-27 18:58:15 info: Attempting to click on element "//input[@id='submit-button']".
2024-09-27 18:58:15 info: Waiting for element "//input[@id='submit-button']" to be visible with timeout 10000ms.
2024-09-27 18:58:15 info: Element "//input[@id='submit-button']" is visible.
2024-09-27 18:58:15 info: Clicked on element "//input[@id='submit-button']" successfully.
2024-09-27 18:58:15 info: Validating login
2024-09-27 18:58:15 info: Filled input field "//input[@id='email-address']" successfully.
2024-09-27 18:58:15 info: Filling in password
2024-09-27 18:58:15 info: Filling input field "//input[@id='password']" with value "Tmittmif#@5248360".
2024-09-27 18:58:15 info: Filled input field "//input[@id='password']" successfully.
2024-09-27 18:58:15 info: Agreeing to terms of service
2024-09-27 18:58:15 info: Checkbox "//input[@id='agree']" checked successfully.
2024-09-27 18:58:15 info: Submitting login form
2024-09-27 18:58:15 info: Attempting to click on element "//input[@id='submit-button']".
2024-09-27 18:58:15 info: Waiting for element "//input[@id='submit-button']" to be visible with timeout 10000ms.
2024-09-27 18:58:15 info: Element "//input[@id='submit-button']" is visible.
2024-09-27 18:58:15 info: Clicked on element "//input[@id='submit-button']" successfully.
2024-09-27 18:58:15 info: Validating login
2024-09-27 18:58:18 info: udit kandari logged in successfully
2024-09-27 18:58:18 info: Login performed successfully
2024-09-27 18:58:18 debug: Login successful and test setup completed.
2024-09-27 18:58:18 info: Navigating to contract page
2024-09-27 18:58:18 info: Waiting for dashboard visibility
2024-09-27 18:58:18 info: Waiting for element "//div[@id="GridstackDashboard"]" to be visible with timeout 10000ms.
2024-09-27 18:58:18 info: udit kandari logged in successfully
2024-09-27 18:58:18 info: Login performed successfully
2024-09-27 18:58:18 debug: Login successful and test setup completed.
2024-09-27 18:58:18 info: Verifying dashboard page title
2024-09-27 18:58:18 info: Waiting for dashboard visibility
2024-09-27 18:58:18 info: Waiting for element "//div[@id="GridstackDashboard"]" to be visible with timeout 10000ms.
2024-09-27 18:58:20 info: Element "//div[@id="GridstackDashboard"]" is visible.
2024-09-27 18:58:20 info: Element "//div[@id="GridstackDashboard"]" is visible.
2024-09-27 18:58:20 info: Page title: Dashboard | MediaBox Royalty Management
2024-09-27 18:58:20 info: Finished test
2024-09-27 18:58:20 debug: Tearing down test context and cleaning up.
2024-09-27 18:58:21 info: Navigated to contract page
2024-09-27 18:58:21 info: Searching for contract with number: md00085a
2024-09-27 18:58:21 info: Filling contract number: md00085a
2024-09-27 18:58:21 info: Filling input field "//input[@name='SearchExpr']" with value "md00085a".
2024-09-27 18:58:21 info: Starting test: LoginPage
2024-09-27 18:58:21 debug: Initializing login page for test setup.
2024-09-27 18:58:21 info: Navigating to RM-512 login page
2024-09-27 18:58:21 info: Performing login
2024-09-27 18:58:21 info: Filling in username: udit.kandari@bbc.com
2024-09-27 18:58:21 info: Filling input field "//input[@id='email-address']" with value "udit.kandari@bbc.com".
2024-09-27 18:58:21 info: Filled input field "//input[@name='SearchExpr']" successfully.
2024-09-27 18:58:21 info: Clicking 'Search' button
2024-09-27 18:58:21 info: Attempting to click on element "//a[@class="btn btn-default SearchboxBtn"]".
2024-09-27 18:58:21 info: Waiting for element "//a[@class="btn btn-default SearchboxBtn"]" to be visible with timeout 10000ms.
2024-09-27 18:58:21 info: Element "//a[@class="btn btn-default SearchboxBtn"]" is visible.
2024-09-27 18:58:22 info: Clicked on element "//a[@class="btn btn-default SearchboxBtn"]" successfully.
2024-09-27 18:58:24 info: Selecting contract with number: md00085a
2024-09-27 18:58:24 info: Contract with number: md00085a selected
2024-09-27 18:58:24 info: Editing in contract wizard for contract: md00085
2024-09-27 18:58:24 info: Validating contract terms page loaded for contract number: md00085
2024-09-27 18:58:24 info: Waiting for element "//h1[starts-with(text(), "Contract No.")]" to be visible with timeout 10000ms.
2024-09-27 18:58:24 info: Filled input field "//input[@id='email-address']" successfully.
2024-09-27 18:58:24 info: Filling in password
2024-09-27 18:58:24 info: Filling input field "//input[@id='password']" with value "Tmittmif#@5248360".
2024-09-27 18:58:24 info: Filled input field "//input[@id='password']" successfully.
2024-09-27 18:58:24 info: Agreeing to terms of service
2024-09-27 18:58:24 info: Checkbox "//input[@id='agree']" checked successfully.
2024-09-27 18:58:24 info: Submitting login form
2024-09-27 18:58:24 info: Attempting to click on element "//input[@id='submit-button']".
2024-09-27 18:58:24 info: Waiting for element "//input[@id='submit-button']" to be visible with timeout 10000ms.
2024-09-27 18:58:24 info: Element "//input[@id='submit-button']" is visible.
2024-09-27 18:58:24 info: Clicked on element "//input[@id='submit-button']" successfully.
2024-09-27 18:58:24 info: Validating login
2024-09-27 18:58:27 info: udit kandari logged in successfully
2024-09-27 18:58:27 info: Login performed successfully
2024-09-27 18:58:27 debug: Login successful and test setup completed.
2024-09-27 18:58:27 info: Changing language to English (UK)
2024-09-27 18:58:27 info: Waiting for dashboard visibility
2024-09-27 18:58:27 info: Waiting for element "//div[@id="GridstackDashboard"]" to be visible with timeout 10000ms.
2024-09-27 18:58:29 info: Element "//div[@id="GridstackDashboard"]" is visible.
2024-09-27 18:58:31 info: Language changed to English (UK)
2024-09-27 18:58:32 info: Finished test
2024-09-27 18:58:32 debug: Tearing down test context and cleaning up.
2024-09-27 18:58:34 error: Timeout while waiting for element "//h1[starts-with(text(), "Contract No.")]" to be visible.
2024-09-27 18:58:34 info: Finished test
2024-09-27 18:58:34 debug: Tearing down test context and cleaning up.
