2024-09-27 19:23:46 info: Starting test: LoginPage
2024-09-27 19:23:46 info: Navigating to RM-512 login page
2024-09-27 19:23:46 info: Performing login
2024-09-27 19:23:46 info: Filling in username: udit.kandari@bbc.com
2024-09-27 19:23:46 info: Filling input field "//input[@id='email-address']" with value "udit.kandari@bbc.com".
2024-09-27 19:23:46 info: Starting test: LoginPage
2024-09-27 19:23:46 info: Navigating to RM-512 login page
2024-09-27 19:23:46 info: Performing login
2024-09-27 19:23:46 info: Filling in username: udit.kandari@bbc.com
2024-09-27 19:23:46 info: Filling input field "//input[@id='email-address']" with value "udit.kandari@bbc.com".
2024-09-27 19:23:50 info: Filled input field "//input[@id='email-address']" successfully.
2024-09-27 19:23:50 info: Filling in password
2024-09-27 19:23:50 info: Filling input field "//input[@id='password']" with value "Tmittmif#@5248360".
2024-09-27 19:23:50 info: Filled input field "//input[@id='password']" successfully.
2024-09-27 19:23:50 info: Agreeing to terms of service
2024-09-27 19:23:50 info: Filled input field "//input[@id='email-address']" successfully.
2024-09-27 19:23:50 info: Filling in password
2024-09-27 19:23:50 info: Filling input field "//input[@id='password']" with value "Tmittmif#@5248360".
2024-09-27 19:23:50 info: Checkbox "//input[@id='agree']" checked successfully.
2024-09-27 19:23:50 info: Submitting login form
2024-09-27 19:23:50 info: Attempting to click on element "//input[@id='submit-button']".
2024-09-27 19:23:50 info: Waiting for element "//input[@id='submit-button']" to be visible with timeout 10000ms.
2024-09-27 19:23:50 info: Element "//input[@id='submit-button']" is visible.
2024-09-27 19:23:50 info: Clicked on element "//input[@id='submit-button']" successfully.
2024-09-27 19:23:50 info: Validating login
2024-09-27 19:23:50 info: Filled input field "//input[@id='password']" successfully.
2024-09-27 19:23:50 info: Agreeing to terms of service
2024-09-27 19:23:50 info: Checkbox "//input[@id='agree']" checked successfully.
2024-09-27 19:23:50 info: Submitting login form
2024-09-27 19:23:50 info: Attempting to click on element "//input[@id='submit-button']".
2024-09-27 19:23:50 info: Waiting for element "//input[@id='submit-button']" to be visible with timeout 10000ms.
2024-09-27 19:23:50 info: Element "//input[@id='submit-button']" is visible.
2024-09-27 19:23:50 info: Clicked on element "//input[@id='submit-button']" successfully.
2024-09-27 19:23:50 info: Validating login
2024-09-27 19:23:53 info: udit kandari logged in successfully
2024-09-27 19:23:53 info: Login performed successfully
2024-09-27 19:23:53 info: Verifying dashboard page title
2024-09-27 19:23:53 info: Waiting for dashboard visibility
2024-09-27 19:23:53 info: Waiting for element "//div[@id="GridstackDashboard"]" to be visible with timeout 10000ms.
2024-09-27 19:23:53 info: udit kandari logged in successfully
2024-09-27 19:23:53 info: Login performed successfully
2024-09-27 19:23:53 info: Navigating to contract page
2024-09-27 19:23:53 info: Waiting for dashboard visibility
2024-09-27 19:23:53 info: Waiting for element "//div[@id="GridstackDashboard"]" to be visible with timeout 10000ms.
2024-09-27 19:23:54 info: Element "//div[@id="GridstackDashboard"]" is visible.
2024-09-27 19:23:55 info: Element "//div[@id="GridstackDashboard"]" is visible.
2024-09-27 19:23:55 info: Page title: Dashboard | MediaBox Royalty Management
2024-09-27 19:23:55 info: Finished test
2024-09-27 19:23:55 info: Navigated to contract page
2024-09-27 19:23:55 info: Searching for contract with number: md00085a
2024-09-27 19:23:55 info: Filling contract number: md00085a
2024-09-27 19:23:55 info: Filling input field "//input[@name='SearchExpr']" with value "md00085a".
2024-09-27 19:23:56 info: Filled input field "//input[@name='SearchExpr']" successfully.
2024-09-27 19:23:56 info: Clicking 'Search' button
2024-09-27 19:23:56 info: Attempting to click on element "//a[@class="btn btn-default SearchboxBtn"]".
2024-09-27 19:23:56 info: Waiting for element "//a[@class="btn btn-default SearchboxBtn"]" to be visible with timeout 10000ms.
2024-09-27 19:23:56 info: Element "//a[@class="btn btn-default SearchboxBtn"]" is visible.
2024-09-27 19:23:56 info: Starting test: LoginPage
2024-09-27 19:23:56 info: Navigating to RM-512 login page
2024-09-27 19:23:56 info: Performing login
2024-09-27 19:23:56 info: Filling in username: udit.kandari@bbc.com
2024-09-27 19:23:56 info: Filling input field "//input[@id='email-address']" with value "udit.kandari@bbc.com".
2024-09-27 19:23:56 info: Clicked on element "//a[@class="btn btn-default SearchboxBtn"]" successfully.
2024-09-27 19:23:58 info: Selecting contract with number: md00085a
2024-09-27 19:23:58 info: Contract with number: md00085a selected
2024-09-27 19:23:58 info: Editing in contract wizard for contract: md00085
2024-09-27 19:23:58 info: Validating contract terms page loaded for contract number: md00085
2024-09-27 19:23:58 info: Waiting for element "//h1[starts-with(text(), "Contract No.")]" to be visible with timeout 10000ms.
2024-09-27 19:24:00 info: Filled input field "//input[@id='email-address']" successfully.
2024-09-27 19:24:00 info: Filling in password
2024-09-27 19:24:00 info: Filling input field "//input[@id='password']" with value "Tmittmif#@5248360".
2024-09-27 19:24:00 info: Filled input field "//input[@id='password']" successfully.
2024-09-27 19:24:00 info: Agreeing to terms of service
2024-09-27 19:24:00 info: Checkbox "//input[@id='agree']" checked successfully.
2024-09-27 19:24:00 info: Submitting login form
2024-09-27 19:24:00 info: Attempting to click on element "//input[@id='submit-button']".
2024-09-27 19:24:00 info: Waiting for element "//input[@id='submit-button']" to be visible with timeout 10000ms.
2024-09-27 19:24:00 info: Element "//input[@id='submit-button']" is visible.
2024-09-27 19:24:00 info: Clicked on element "//input[@id='submit-button']" successfully.
2024-09-27 19:24:00 info: Validating login
2024-09-27 19:24:02 info: udit kandari logged in successfully
2024-09-27 19:24:02 info: Login performed successfully
2024-09-27 19:24:02 info: Changing language to English (UK)
2024-09-27 19:24:02 info: Waiting for dashboard visibility
2024-09-27 19:24:02 info: Waiting for element "//div[@id="GridstackDashboard"]" to be visible with timeout 10000ms.
2024-09-27 19:24:03 info: Element "//div[@id="GridstackDashboard"]" is visible.
2024-09-27 19:24:05 info: Language changed to English (UK)
2024-09-27 19:24:05 info: Finished test
2024-09-27 19:24:08 error: Timeout while waiting for element "//h1[starts-with(text(), "Contract No.")]" to be visible.
2024-09-27 19:24:08 info: Finished test
