2024-09-27 18:56:20 info: Starting test: LoginPage
2024-09-27 18:56:20 info: Navigating to RM-512 login page
2024-09-27 18:56:20 info: Performing login
2024-09-27 18:56:20 info: Filling in username: udit.kandari@bbc.com
2024-09-27 18:56:20 info: Filling input field "//input[@id='email-address']" with value "udit.kandari@bbc.com".
2024-09-27 18:56:24 info: Filled input field "//input[@id='email-address']" successfully.
2024-09-27 18:56:24 info: Filling in password
2024-09-27 18:56:24 info: Filling input field "//input[@id='password']" with value "Tmittmif#@5248360".
2024-09-27 18:56:24 info: Filled input field "//input[@id='password']" successfully.
2024-09-27 18:56:24 info: Agreeing to terms of service
2024-09-27 18:56:24 info: Checkbox "//input[@id='agree']" checked successfully.
2024-09-27 18:56:24 info: Submitting login form
2024-09-27 18:56:24 info: Attempting to click on element "//input[@id='submit-button']".
2024-09-27 18:56:24 info: Waiting for element "//input[@id='submit-button']" to be visible with timeout 10000ms.
2024-09-27 18:56:24 info: Element "//input[@id='submit-button']" is visible.
2024-09-27 18:56:24 info: Clicked on element "//input[@id='submit-button']" successfully.
2024-09-27 18:56:24 info: Validating login
2024-09-27 18:56:26 info: udit kandari logged in successfully
2024-09-27 18:56:26 info: Login performed successfully
2024-09-27 18:56:26 info: Changing language to English (UK)
2024-09-27 18:56:26 info: Waiting for dashboard visibility
2024-09-27 18:56:26 info: Waiting for element "//div[@id="GridstackDashboard"]" to be visible with timeout 10000ms.
2024-09-27 18:56:28 info: Element "//div[@id="GridstackDashboard"]" is visible.
2024-09-27 18:56:30 info: Language changed to English (UK)
2024-09-27 18:56:30 info: Finished test
