2024-09-26 19:04:05 info: Starting test: LoginPage
2024-09-26 19:04:05 debug: Initializing login page for test setup.
2024-09-26 19:04:05 info: Navigating to RM-512 login page
2024-09-26 19:04:05 info: Performing login
2024-09-26 19:04:05 info: Filling in username: udit.kandari@bbc.com
2024-09-26 19:04:05 info: Filling input field "//input[@id='email-address']" with value "udit.kandari@bbc.com".
2024-09-26 19:04:10 info: Filled input field "//input[@id='email-address']" successfully.
2024-09-26 19:04:10 info: Filling in password
2024-09-26 19:04:10 info: Filling input field "//input[@id='password']" with value "Tmittmif#@5248360".
2024-09-26 19:04:10 info: Filled input field "//input[@id='password']" successfully.
2024-09-26 19:04:10 info: Agreeing to terms of service
2024-09-26 19:04:10 info: Checkbox "//input[@id='agree']" checked successfully.
2024-09-26 19:04:10 info: Submitting login form
2024-09-26 19:04:10 info: Attempting to click on element "//input[@id='submit-button']".
2024-09-26 19:04:10 info: Waiting for element "//input[@id='submit-button']" to be visible with timeout 10000ms.
2024-09-26 19:04:10 info: Element "//input[@id='submit-button']" is visible.
2024-09-26 19:04:10 info: Clicked on element "//input[@id='submit-button']" successfully.
2024-09-26 19:04:10 info: Login performed successfully
2024-09-26 19:04:10 debug: Login successful and test setup completed.
2024-09-26 19:04:10 info: Navigating to contract page
2024-09-26 19:04:10 info: Waiting for dashboard visibility
2024-09-26 19:04:10 info: Waiting for element "//div[@id="GridstackDashboard"]" to be visible with timeout 10000ms.
2024-09-26 19:04:16 info: Element "//div[@id="GridstackDashboard"]" is visible.
2024-09-26 19:04:17 info: Navigated to contract page
2024-09-26 19:04:17 info: Searching for contract with number: md00085a
2024-09-26 19:04:17 info: Filling contract number: md00085a
2024-09-26 19:04:17 info: Filling input field "//input[@name='SearchExpr']" with value "md00085a".
2024-09-26 19:04:18 info: Filled input field "//input[@name='SearchExpr']" successfully.
2024-09-26 19:04:18 info: Clicking 'Search' button
2024-09-26 19:04:18 info: Attempting to click on element "//a[@class="btn btn-default SearchboxBtn"]".
2024-09-26 19:04:18 info: Waiting for element "//a[@class="btn btn-default SearchboxBtn"]" to be visible with timeout 10000ms.
2024-09-26 19:04:18 info: Element "//a[@class="btn btn-default SearchboxBtn"]" is visible.
2024-09-26 19:04:18 info: Clicked on element "//a[@class="btn btn-default SearchboxBtn"]" successfully.
2024-09-26 19:04:20 info: Selecting contract with number: md00085a
2024-09-26 19:04:20 info: Contract with number: md00085a selected
2024-09-26 19:04:20 info: Editing in contract wizard for contract: md00085a
2024-09-26 19:04:20 info: Validating contract terms page loaded for contract number: md00085a
2024-09-26 19:04:35 info: Finished test
2024-09-26 19:04:35 debug: Tearing down test context and cleaning up.
2024-09-26 19:04:35 error: Error editing contract wizard for contract "md00085a": locator.waitFor: Test timeout of 30000ms exceeded.
Call log:
  [2m- waiting for locator('//h1[starts-with(text(), "Contract No.")]') to be visible[22m

2024-09-26 19:20:55 info: Starting test: LoginPage
2024-09-26 19:20:55 debug: Initializing login page for test setup.
2024-09-26 19:20:55 info: Navigating to RM-512 login page
2024-09-26 19:20:55 info: Performing login
2024-09-26 19:20:55 info: Filling in username: udit.kandari@bbc.com
2024-09-26 19:20:55 info: Filling input field "//input[@id='email-address']" with value "udit.kandari@bbc.com".
2024-09-26 19:20:59 info: Filled input field "//input[@id='email-address']" successfully.
2024-09-26 19:20:59 info: Filling in password
2024-09-26 19:20:59 info: Filling input field "//input[@id='password']" with value "Tmittmif#@5248360".
2024-09-26 19:20:59 info: Filled input field "//input[@id='password']" successfully.
2024-09-26 19:20:59 info: Agreeing to terms of service
2024-09-26 19:20:59 info: Checkbox "//input[@id='agree']" checked successfully.
2024-09-26 19:20:59 info: Submitting login form
2024-09-26 19:20:59 info: Attempting to click on element "//input[@id='submit-button']".
2024-09-26 19:20:59 info: Waiting for element "//input[@id='submit-button']" to be visible with timeout 10000ms.
2024-09-26 19:20:59 info: Element "//input[@id='submit-button']" is visible.
2024-09-26 19:20:59 info: Clicked on element "//input[@id='submit-button']" successfully.
2024-09-26 19:20:59 info: Login performed successfully
2024-09-26 19:20:59 debug: Login successful and test setup completed.
2024-09-26 19:20:59 info: Navigating to contract page
2024-09-26 19:20:59 info: Waiting for dashboard visibility
2024-09-26 19:20:59 info: Waiting for element "//div[@id="GridstackDashboard"]" to be visible with timeout 10000ms.
2024-09-26 19:21:04 info: Element "//div[@id="GridstackDashboard"]" is visible.
2024-09-26 19:21:05 info: Navigated to contract page
2024-09-26 19:21:05 info: Searching for contract with number: md00085
2024-09-26 19:21:05 info: Filling contract number: md00085
2024-09-26 19:21:05 info: Filling input field "//input[@name='SearchExpr']" with value "md00085".
2024-09-26 19:21:05 info: Filled input field "//input[@name='SearchExpr']" successfully.
2024-09-26 19:21:05 info: Clicking 'Search' button
2024-09-26 19:21:05 info: Attempting to click on element "//a[@class="btn btn-default SearchboxBtn"]".
2024-09-26 19:21:05 info: Waiting for element "//a[@class="btn btn-default SearchboxBtn"]" to be visible with timeout 10000ms.
2024-09-26 19:21:05 info: Element "//a[@class="btn btn-default SearchboxBtn"]" is visible.
2024-09-26 19:21:06 info: Clicked on element "//a[@class="btn btn-default SearchboxBtn"]" successfully.
2024-09-26 19:21:08 info: Selecting contract with number: md00085
2024-09-26 19:21:08 info: Found contract number: MD00085, clicking on it
2024-09-26 19:21:11 info: Contract with number: md00085 selected
2024-09-26 19:21:11 info: Editing in contract wizard for contract: md00085
2024-09-26 19:21:11 info: Validating contract terms page loaded for contract number: md00085
2024-09-26 19:21:11 info: Contract Terms page heading text: Contract No. MD00085
2024-09-26 19:21:11 info: Contract terms page loaded: true
2024-09-26 19:21:11 info: Attempting to click on element "//button[contains(text(), 'Select Action')]".
2024-09-26 19:21:11 info: Waiting for element "//button[contains(text(), 'Select Action')]" to be visible with timeout 10000ms.
2024-09-26 19:21:11 info: Element "//button[contains(text(), 'Select Action')]" is visible.
2024-09-26 19:21:11 info: Clicked on element "//button[contains(text(), 'Select Action')]" successfully.
2024-09-26 19:21:11 info: Successfully clicked on Select Action
2024-09-26 19:21:11 info: Attempting to click on element "//a[contains(text(),"Edit in Contract Wizard")]".
2024-09-26 19:21:11 info: Waiting for element "//a[contains(text(),"Edit in Contract Wizard")]" to be visible with timeout 10000ms.
2024-09-26 19:21:11 info: Element "//a[contains(text(),"Edit in Contract Wizard")]" is visible.
2024-09-26 19:21:17 info: Clicked on element "//a[contains(text(),"Edit in Contract Wizard")]" successfully.
2024-09-26 19:21:17 info: Successfully clicked on Edit Contract
2024-09-26 19:21:17 info: Clicked on 'Edit in Contract Wizard'
2024-09-26 19:21:17 info: Finished test
2024-09-26 19:21:17 debug: Tearing down test context and cleaning up.
2024-09-27 14:32:43 info: Starting test: LoginPage
2024-09-27 14:32:43 debug: Initializing login page for test setup.
2024-09-27 14:32:43 info: Navigating to RM-512 login page
2024-09-27 14:32:43 info: Performing login
2024-09-27 14:32:43 info: Filling in username: KandaUW1
2024-09-27 14:32:43 info: Filling input field "//input[@id='email-address']" with value "KandaUW1".
2024-09-27 14:32:49 info: Filled input field "//input[@id='email-address']" successfully.
2024-09-27 14:32:49 info: Filling in password
2024-09-27 14:32:49 info: Filling input field "//input[@id='password']" with value "Manjusona@\".
2024-09-27 14:32:49 info: Filled input field "//input[@id='password']" successfully.
2024-09-27 14:32:49 info: Agreeing to terms of service
2024-09-27 14:32:49 info: Checkbox "//input[@id='agree']" checked successfully.
2024-09-27 14:32:49 info: Submitting login form
2024-09-27 14:32:49 info: Attempting to click on element "//input[@id='submit-button']".
2024-09-27 14:32:49 info: Waiting for element "//input[@id='submit-button']" to be visible with timeout 10000ms.
2024-09-27 14:32:49 info: Element "//input[@id='submit-button']" is visible.
2024-09-27 14:32:49 info: Clicked on element "//input[@id='submit-button']" successfully.
2024-09-27 14:32:49 info: Login performed successfully
2024-09-27 14:32:49 debug: Login successful and test setup completed.
2024-09-27 14:32:49 info: Verifying dashboard page title
2024-09-27 14:32:49 info: Waiting for dashboard visibility
2024-09-27 14:32:49 info: Waiting for element "//div[@id="GridstackDashboard"]" to be visible with timeout 10000ms.
2024-09-27 14:32:59 error: Timeout while waiting for element "//div[@id="GridstackDashboard"]" to be visible.
2024-09-27 14:32:59 info: Finished test
2024-09-27 14:32:59 debug: Tearing down test context and cleaning up.
2024-09-27 14:37:41 info: Starting test: LoginPage
2024-09-27 14:37:41 debug: Initializing login page for test setup.
2024-09-27 14:37:41 info: Navigating to RM-512 login page
2024-09-27 14:37:41 info: Performing login
2024-09-27 14:37:41 info: Filling in username: KandaUW1
2024-09-27 14:37:41 info: Filling input field "//input[@id='email-address']" with value "KandaUW1".
2024-09-27 14:37:44 info: Filled input field "//input[@id='email-address']" successfully.
2024-09-27 14:37:44 info: Filling in password
2024-09-27 14:37:44 info: Filling input field "//input[@id='password']" with value "Manjusona@\".
2024-09-27 14:37:44 info: Filled input field "//input[@id='password']" successfully.
2024-09-27 14:37:44 info: Agreeing to terms of service
2024-09-27 14:37:46 info: Checkbox "//input[@id='agree']" checked successfully.
2024-09-27 14:37:46 info: Submitting login form
2024-09-27 14:37:46 info: Attempting to click on element "//input[@id='submit-button']".
2024-09-27 14:37:46 info: Waiting for element "//input[@id='submit-button']" to be visible with timeout 10000ms.
2024-09-27 14:37:46 info: Element "//input[@id='submit-button']" is visible.
2024-09-27 14:37:48 info: Clicked on element "//input[@id='submit-button']" successfully.
2024-09-27 14:37:48 info: Login performed successfully
2024-09-27 14:37:48 debug: Login successful and test setup completed.
2024-09-27 14:37:48 info: Verifying dashboard page title
2024-09-27 14:37:48 info: Waiting for dashboard visibility
2024-09-27 14:37:48 info: Waiting for element "//div[@id="GridstackDashboard"]" to be visible with timeout 10000ms.
2024-09-27 14:37:58 error: Timeout while waiting for element "//div[@id="GridstackDashboard"]" to be visible.
2024-09-27 14:38:03 info: Finished test
2024-09-27 14:38:03 debug: Tearing down test context and cleaning up.
2024-09-27 14:41:30 info: Starting test: LoginPage
2024-09-27 14:41:30 debug: Initializing login page for test setup.
2024-09-27 14:41:30 info: Navigating to RM-512 login page
2024-09-27 14:41:30 info: Performing login
2024-09-27 14:41:30 info: Filling in username: KandaUW1
2024-09-27 14:41:30 info: Filling input field "//input[@id='email-address']" with value "KandaUW1".
2024-09-27 14:41:34 info: Filled input field "//input[@id='email-address']" successfully.
2024-09-27 14:41:34 info: Filling in password
2024-09-27 14:41:34 info: Filling input field "//input[@id='password']" with value "Manjusona@\".
2024-09-27 14:41:34 info: Filled input field "//input[@id='password']" successfully.
2024-09-27 14:41:34 info: Agreeing to terms of service
2024-09-27 14:41:36 info: Checkbox "//input[@id='agree']" checked successfully.
2024-09-27 14:41:36 info: Submitting login form
2024-09-27 14:41:36 info: Attempting to click on element "//input[@id='submit-button']".
2024-09-27 14:41:36 info: Waiting for element "//input[@id='submit-button']" to be visible with timeout 10000ms.
2024-09-27 14:41:36 info: Element "//input[@id='submit-button']" is visible.
2024-09-27 14:41:38 info: Clicked on element "//input[@id='submit-button']" successfully.
2024-09-27 14:41:38 info: Login performed successfully
2024-09-27 14:41:38 debug: Login successful and test setup completed.
2024-09-27 14:41:38 info: Verifying dashboard page title
2024-09-27 14:41:38 info: Waiting for dashboard visibility
2024-09-27 14:41:38 info: Waiting for element "//div[@id="GridstackDashboard"]" to be visible with timeout 10000ms.
2024-09-27 14:41:48 error: Timeout while waiting for element "//div[@id="GridstackDashboard"]" to be visible.
2024-09-27 14:41:53 info: Finished test
2024-09-27 14:41:53 debug: Tearing down test context and cleaning up.
2024-09-27 15:27:16 info: Starting test: LoginPage
2024-09-27 15:27:16 debug: Initializing login page for test setup.
2024-09-27 15:27:16 info: Navigating to RM-512 login page
2024-09-27 15:27:16 info: Performing login
2024-09-27 15:27:16 info: Filling in username: udit.kandari@bbc.com
2024-09-27 15:27:16 info: Filling input field "//input[@id='email-address']" with value "udit.kandari@bbc.com".
2024-09-27 15:27:18 info: Filled input field "//input[@id='email-address']" successfully.
2024-09-27 15:27:18 info: Filling in password
2024-09-27 15:27:18 info: Filling input field "//input[@id='password']" with value "Manjusona@\".
2024-09-27 15:27:18 info: Filled input field "//input[@id='password']" successfully.
2024-09-27 15:27:18 info: Agreeing to terms of service
2024-09-27 15:27:20 info: Checkbox "//input[@id='agree']" checked successfully.
2024-09-27 15:27:20 info: Submitting login form
2024-09-27 15:27:20 info: Attempting to click on element "//input[@id='submit-button']".
2024-09-27 15:27:20 info: Waiting for element "//input[@id='submit-button']" to be visible with timeout 10000ms.
2024-09-27 15:27:20 info: Element "//input[@id='submit-button']" is visible.
2024-09-27 15:27:22 info: Clicked on element "//input[@id='submit-button']" successfully.
2024-09-27 15:27:22 info: Login performed successfully
2024-09-27 15:27:22 debug: Login successful and test setup completed.
2024-09-27 15:27:22 info: Verifying dashboard page title
2024-09-27 15:27:22 info: Waiting for dashboard visibility
2024-09-27 15:27:22 info: Waiting for element "//div[@id="GridstackDashboard"]" to be visible with timeout 10000ms.
2024-09-27 15:27:32 error: Timeout while waiting for element "//div[@id="GridstackDashboard"]" to be visible.
2024-09-27 15:27:37 info: Finished test
2024-09-27 15:27:37 debug: Tearing down test context and cleaning up.
2024-09-27 15:29:26 info: Starting test: LoginPage
2024-09-27 15:29:26 debug: Initializing login page for test setup.
2024-09-27 15:29:26 info: Navigating to RM-512 login page
2024-09-27 15:29:26 info: Performing login
2024-09-27 15:29:26 info: Filling in username: udit.kandari@bbc.com
2024-09-27 15:29:26 info: Filling input field "//input[@id='email-address']" with value "udit.kandari@bbc.com".
2024-09-27 15:29:28 info: Filled input field "//input[@id='email-address']" successfully.
2024-09-27 15:29:28 info: Filling in password
2024-09-27 15:29:28 info: Filling input field "//input[@id='password']" with value "Manjusona@".
2024-09-27 15:29:28 info: Filled input field "//input[@id='password']" successfully.
2024-09-27 15:29:28 info: Agreeing to terms of service
2024-09-27 15:29:29 info: Checkbox "//input[@id='agree']" checked successfully.
2024-09-27 15:29:29 info: Submitting login form
2024-09-27 15:29:29 info: Attempting to click on element "//input[@id='submit-button']".
2024-09-27 15:29:29 info: Waiting for element "//input[@id='submit-button']" to be visible with timeout 10000ms.
2024-09-27 15:29:29 info: Element "//input[@id='submit-button']" is visible.
2024-09-27 15:29:29 info: Clicked on element "//input[@id='submit-button']" successfully.
2024-09-27 15:29:29 info: Login performed successfully
2024-09-27 15:29:29 debug: Login successful and test setup completed.
2024-09-27 15:29:29 info: Verifying dashboard page title
2024-09-27 15:29:29 info: Waiting for dashboard visibility
2024-09-27 15:29:29 info: Waiting for element "//div[@id="GridstackDashboard"]" to be visible with timeout 10000ms.
2024-09-27 15:29:39 error: Timeout while waiting for element "//div[@id="GridstackDashboard"]" to be visible.
2024-09-27 15:29:39 info: Finished test
2024-09-27 15:29:39 debug: Tearing down test context and cleaning up.
2024-09-27 15:36:24 info: Starting test: LoginPage
2024-09-27 15:36:24 debug: Initializing login page for test setup.
2024-09-27 15:36:24 info: Navigating to RM-512 login page
2024-09-27 15:36:24 info: Performing login
2024-09-27 15:36:24 info: Filling in username: udit.kandari@bbc.com
2024-09-27 15:36:24 info: Filling input field "//input[@id='email-address']" with value "udit.kandari@bbc.com".
2024-09-27 15:36:27 info: Filled input field "//input[@id='email-address']" successfully.
2024-09-27 15:36:27 info: Filling in password
2024-09-27 15:36:27 info: Filling input field "//input[@id='password']" with value "Manjusona@#9412".
2024-09-27 15:36:27 info: Filled input field "//input[@id='password']" successfully.
2024-09-27 15:36:27 info: Agreeing to terms of service
2024-09-27 15:36:29 info: Checkbox "//input[@id='agree']" checked successfully.
2024-09-27 15:36:29 info: Submitting login form
2024-09-27 15:36:29 info: Attempting to click on element "//input[@id='submit-button']".
2024-09-27 15:36:29 info: Waiting for element "//input[@id='submit-button']" to be visible with timeout 10000ms.
2024-09-27 15:36:29 info: Element "//input[@id='submit-button']" is visible.
2024-09-27 15:36:29 info: Clicked on element "//input[@id='submit-button']" successfully.
2024-09-27 15:36:29 info: Login performed successfully
2024-09-27 15:36:29 debug: Login successful and test setup completed.
2024-09-27 15:36:29 info: Verifying dashboard page title
2024-09-27 15:36:29 info: Waiting for dashboard visibility
2024-09-27 15:36:29 info: Waiting for element "//div[@id="GridstackDashboard"]" to be visible with timeout 10000ms.
2024-09-27 15:36:39 error: Timeout while waiting for element "//div[@id="GridstackDashboard"]" to be visible.
2024-09-27 15:36:40 info: Finished test
2024-09-27 15:36:40 debug: Tearing down test context and cleaning up.
2024-09-27 15:38:23 info: Starting test: LoginPage
2024-09-27 15:38:23 debug: Initializing login page for test setup.
2024-09-27 15:38:23 info: Navigating to RM-512 login page
2024-09-27 15:38:23 info: Performing login
2024-09-27 15:38:23 info: Filling in username: udit.kandari@bbc.com
2024-09-27 15:38:23 info: Filling input field "//input[@id='email-address']" with value "udit.kandari@bbc.com".
2024-09-27 15:38:26 info: Filled input field "//input[@id='email-address']" successfully.
2024-09-27 15:38:26 info: Filling in password
2024-09-27 15:38:26 info: Filling input field "//input[@id='password']" with value "Manjusona@#9412".
2024-09-27 15:38:26 info: Filled input field "//input[@id='password']" successfully.
2024-09-27 15:38:26 info: Agreeing to terms of service
2024-09-27 15:38:26 info: Checkbox "//input[@id='agree']" checked successfully.
2024-09-27 15:38:26 info: Submitting login form
2024-09-27 15:38:26 info: Attempting to click on element "//input[@id='submit-button']".
2024-09-27 15:38:26 info: Waiting for element "//input[@id='submit-button']" to be visible with timeout 10000ms.
2024-09-27 15:38:26 info: Element "//input[@id='submit-button']" is visible.
2024-09-27 15:38:26 info: Clicked on element "//input[@id='submit-button']" successfully.
2024-09-27 15:38:26 info: Login performed successfully
2024-09-27 15:38:26 debug: Login successful and test setup completed.
2024-09-27 15:38:26 info: Navigating to contract page
2024-09-27 15:38:26 info: Waiting for dashboard visibility
2024-09-27 15:38:26 info: Waiting for element "//div[@id="GridstackDashboard"]" to be visible with timeout 10000ms.
2024-09-27 15:38:36 error: Timeout while waiting for element "//div[@id="GridstackDashboard"]" to be visible.
2024-09-27 15:38:36 info: Finished test
2024-09-27 15:38:36 debug: Tearing down test context and cleaning up.
2024-09-27 15:41:22 info: Starting test: LoginPage
2024-09-27 15:41:22 debug: Initializing login page for test setup.
2024-09-27 15:41:22 info: Navigating to RM-512 login page
2024-09-27 15:41:22 info: Performing login
2024-09-27 15:41:22 info: Filling in username: udit.kandari@bbc.com
2024-09-27 15:41:22 info: Filling input field "//input[@id='email-address']" with value "udit.kandari@bbc.com".
2024-09-27 15:41:26 info: Filled input field "//input[@id='email-address']" successfully.
2024-09-27 15:41:26 info: Filling in password
2024-09-27 15:41:26 info: Filling input field "//input[@id='password']" with value "Tmittmif#@5248360".
2024-09-27 15:41:26 info: Filled input field "//input[@id='password']" successfully.
2024-09-27 15:41:26 info: Agreeing to terms of service
2024-09-27 15:41:26 info: Checkbox "//input[@id='agree']" checked successfully.
2024-09-27 15:41:26 info: Submitting login form
2024-09-27 15:41:26 info: Attempting to click on element "//input[@id='submit-button']".
2024-09-27 15:41:26 info: Waiting for element "//input[@id='submit-button']" to be visible with timeout 10000ms.
2024-09-27 15:41:26 info: Element "//input[@id='submit-button']" is visible.
2024-09-27 15:41:26 info: Clicked on element "//input[@id='submit-button']" successfully.
2024-09-27 15:41:26 info: Login performed successfully
2024-09-27 15:41:26 debug: Login successful and test setup completed.
2024-09-27 15:41:26 info: Verifying dashboard page title
2024-09-27 15:41:26 info: Waiting for dashboard visibility
2024-09-27 15:41:26 info: Waiting for element "//div[@id="GridstackDashboard"]" to be visible with timeout 10000ms.
2024-09-27 15:41:31 info: Element "//div[@id="GridstackDashboard"]" is visible.
2024-09-27 15:41:31 info: Page title: Dashboard | MediaBox Royalty Management
2024-09-27 15:41:31 info: Finished test
2024-09-27 15:41:31 debug: Tearing down test context and cleaning up.
